Running: C:\Xilinx\14.7\ISE_DS\ISE\bin\nt64\unwrapped\fuse.exe -intstyle ise -incremental -lib secureip -o C:/Users/Mins/Documents/Xilinx/RealTimeFiltering/PROCESS_MEAN_isim_beh.exe -prj C:/Users/Mins/Documents/Xilinx/RealTimeFiltering/PROCESS_MEAN_beh.prj work.PROCESS_MEAN 
ISim P.20131013 (signature 0x7708f090)
Number of CPUs detected in this system: 4
Turning on mult-threading, number of parallel sub-compilation jobs: 8 
Determining compilation order of HDL files
Parsing VHDL file "C:/Users/Mins/Documents/Xilinx/RealTimeFiltering/PROCESS_MEAN.vhd" into library work
Starting static elaboration
Completed static elaboration
Compiling package standard
Compiling package std_logic_1164
Compiling package textio
Compiling package std_logic_textio
Compiling package std_logic_arith
Compiling package std_logic_unsigned
Compiling package numeric_std
Compiling architecture behavioral of entity process_mean
Time Resolution for simulation is 1ps.
Waiting for 2 sub-compilation(s) to finish...
Compiled 8 VHDL Units
Built simulation executable C:/Users/Mins/Documents/Xilinx/RealTimeFiltering/PROCESS_MEAN_isim_beh.exe
Fuse Memory Usage: 39716 KB
Fuse CPU Usage: 2027 ms
