INFO:sim:172 - Generating IP...
WARNING:sim - VHDL simulation file type 'Behavioral' is not valid for this core.
   Overriding with simulation file type 'Structural'.
Resolving generics for 'divider'...
WARNING:sim - VHDL simulation file type 'Behavioral' is not valid for this core.
   Overriding with simulation file type 'Structural'.
Applying external generics to 'divider'...
Delivering associated files for 'divider'...
Delivering EJava files for 'divider'...
Generating implementation netlist for 'divider'...
INFO:sim - Pre-processing HDL files for 'divider'...
Running synthesis for 'divider'
Running ngcbuild...
Writing VHO instantiation template for 'divider'...
WARNING:sim - VHDL simulation file type 'Behavioral' is not valid for this core.
   Overriding with simulation file type 'Structural'.
Writing VHDL structural simulation model for 'divider'...
WARNING:sim - VHDL simulation file type 'Behavioral' is not valid for this core.
   Overriding with simulation file type 'Structural'.
Delivered 3 files into directory
C:/Users/Mins/Documents/Xilinx/RealTimeFiltering/ipcore_dir/tmp/_cg/divider
Generating ASY schematic symbol...
INFO:sim:949 - Finished generation of ASY schematic symbol.
Generating SYM schematic symbol for 'divider'...
Generating metadata file...
Generating ISE project file for 'divider'...
Generating ISE project...
XCO file found: divider.xco
XMDF file found: divider_xmdf.tcl
Adding
C:/Users/Mins/Documents/Xilinx/RealTimeFiltering/ipcore_dir/tmp/_cg/divider.asy
-view all -origin_type imported
Adding
C:/Users/Mins/Documents/Xilinx/RealTimeFiltering/ipcore_dir/tmp/_cg/divider.ngc
-view all -origin_type created
Checking file
"C:/Users/Mins/Documents/Xilinx/RealTimeFiltering/ipcore_dir/tmp/_cg/divider.ngc
" for project device match ...
File
"C:/Users/Mins/Documents/Xilinx/RealTimeFiltering/ipcore_dir/tmp/_cg/divider.ngc
" device information matches project device.
Adding
C:/Users/Mins/Documents/Xilinx/RealTimeFiltering/ipcore_dir/tmp/_cg/divider.sym
-view all -origin_type imported
Adding
C:/Users/Mins/Documents/Xilinx/RealTimeFiltering/ipcore_dir/tmp/_cg/divider.vhd
-view all -origin_type created
INFO:HDLCompiler:1061 - Parsing VHDL file
   "C:/Users/Mins/Documents/Xilinx/RealTimeFiltering/ipcore_dir/tmp/_cg/divider.
   vhd" into library work
INFO:ProjectMgmt - Parsing design hierarchy completed successfully.
Adding
C:/Users/Mins/Documents/Xilinx/RealTimeFiltering/ipcore_dir/tmp/_cg/divider.vho
-view all -origin_type imported
INFO:TclTasksC:2116 - The automatic calculation of top has been turned-off.
   Please set the new top explicitly by running the "project set top" command.
   To re-calculate the new top automatically, set the "Auto Implementation Top"
   property to true.
Top level has been set to "/divider"
Generating README file...
Generating FLIST file...
INFO:sim:948 - Finished FLIST file generation.
Launching README viewer...
Moving files to output directory...
Finished moving files to output directory
Wrote CGP file for project 'divider'.
